Using pre-set license
Built from '2021.3/staging' branch; Version is '2021.3.22f1 (b6c551784ba3) revision 11978065'; Using compiler version '192829333'; Build Type 'Release'
OS: 'Windows 11  (10.0.22000) 64bit Professional' Language: 'en' Physical Memory: 16085 MB
BatchMode: 1, IsHumanControllingUs: 0, StartBugReporterOnCrash: 0, Is64bit: 1, IsPro: 1

COMMAND LINE ARGUMENTS:
D:\2021.3.22f1\Editor\Unity.exe
-adb2
-batchMode
-noUpm
-name
AssetImportWorker0
-projectPath
C:/Users/lhans/OneDrive/Documents/Apoc-Scrapper/Apoc Scrapper
-logFile
Logs/AssetImportWorker0.log
-srvPort
56473
Successfully changed project path to: C:/Users/lhans/OneDrive/Documents/Apoc-Scrapper/Apoc Scrapper
C:/Users/lhans/OneDrive/Documents/Apoc-Scrapper/Apoc Scrapper
[UnityMemory] Configuration Parameters - Can be set up in boot.config
    "memorysetup-bucket-allocator-granularity=16"
    "memorysetup-bucket-allocator-bucket-count=8"
    "memorysetup-bucket-allocator-block-size=33554432"
    "memorysetup-bucket-allocator-block-count=8"
    "memorysetup-main-allocator-block-size=16777216"
    "memorysetup-thread-allocator-block-size=16777216"
    "memorysetup-gfx-main-allocator-block-size=16777216"
    "memorysetup-gfx-thread-allocator-block-size=16777216"
    "memorysetup-cache-allocator-block-size=4194304"
    "memorysetup-typetree-allocator-block-size=2097152"
    "memorysetup-profiler-bucket-allocator-granularity=16"
    "memorysetup-profiler-bucket-allocator-bucket-count=8"
    "memorysetup-profiler-bucket-allocator-block-size=33554432"
    "memorysetup-profiler-bucket-allocator-block-count=8"
    "memorysetup-profiler-allocator-block-size=16777216"
    "memorysetup-profiler-editor-allocator-block-size=1048576"
    "memorysetup-temp-allocator-size-main=16777216"
    "memorysetup-job-temp-allocator-block-size=2097152"
    "memorysetup-job-temp-allocator-block-size-background=1048576"
    "memorysetup-job-temp-allocator-reduction-small-platforms=262144"
    "memorysetup-temp-allocator-size-background-worker=32768"
    "memorysetup-temp-allocator-size-job-worker=262144"
    "memorysetup-temp-allocator-size-preload-manager=33554432"
    "memorysetup-temp-allocator-size-nav-mesh-worker=65536"
    "memorysetup-temp-allocator-size-audio-worker=65536"
    "memorysetup-temp-allocator-size-cloud-worker=32768"
    "memorysetup-temp-allocator-size-gi-baking-worker=262144"
    "memorysetup-temp-allocator-size-gfx=262144"
Player connection [11104] Host "[IP] 192.168.50.86 [Port] 0 [Flags] 2 [Guid] 3071695964 [EditorId] 3071695964 [Version] 1048832 [Id] WindowsEditor(7,MSI) [Debug] 1 [PackageName] WindowsEditor [ProjectName] Editor" joined multi-casting on [225.0.0.222:54997]...

Player connection [11104] Host "[IP] 192.168.50.86 [Port] 0 [Flags] 2 [Guid] 3071695964 [EditorId] 3071695964 [Version] 1048832 [Id] WindowsEditor(7,MSI) [Debug] 1 [PackageName] WindowsEditor [ProjectName] Editor" joined alternative multi-casting on [225.0.0.222:34997]...

Refreshing native plugins compatible for Editor in 55.26 ms, found 3 plugins.
Preloading 0 native plugins for Editor in 0.00 ms.
Initialize engine version: 2021.3.22f1 (b6c551784ba3)
[Subsystems] Discovering subsystems at path D:/2021.3.22f1/Editor/Data/Resources/UnitySubsystems
[Subsystems] Discovering subsystems at path C:/Users/lhans/OneDrive/Documents/Apoc-Scrapper/Apoc Scrapper/Assets
GfxDevice: creating device client; threaded=0; jobified=0
Direct3D:
    Version:  Direct3D 11.0 [level 11.1]
    Renderer: NVIDIA GeForce RTX 3080 Laptop GPU (ID=0x249c)
    Vendor:   NVIDIA
    VRAM:     8031 MB
    Driver:   31.0.15.3129
Initialize mono
Mono path[0] = 'D:/2021.3.22f1/Editor/Data/Managed'
Mono path[1] = 'D:/2021.3.22f1/Editor/Data/MonoBleedingEdge/lib/mono/unityjit-win32'
Mono config path = 'D:/2021.3.22f1/Editor/Data/MonoBleedingEdge/etc'
Using monoOptions --debugger-agent=transport=dt_socket,embedding=1,server=y,suspend=n,address=127.0.0.1:56076
Begin MonoManager ReloadAssembly
Registering precompiled unity dll's ...
Register platform support module: D:/2021.3.22f1/Editor/Data/PlaybackEngines/MacStandaloneSupport/UnityEditor.OSXStandalone.Extensions.dll
Register platform support module: D:/2021.3.22f1/Editor/Data/PlaybackEngines/WindowsStandaloneSupport/UnityEditor.WindowsStandalone.Extensions.dll
Register platform support module: D:/2021.3.22f1/Editor/Data/PlaybackEngines/LinuxStandaloneSupport/UnityEditor.LinuxStandalone.Extensions.dll
Registered in 0.001374 seconds.
Native extension for LinuxStandalone target not found
Native extension for WindowsStandalone target not found
Native extension for OSXStandalone target not found
Refreshing native plugins compatible for Editor in 52.05 ms, found 3 plugins.
Preloading 0 native plugins for Editor in 0.00 ms.
Mono: successfully reloaded assembly
- Completed reload, in  0.425 seconds
Domain Reload Profiling:
	ReloadAssembly (426ms)
		BeginReloadAssembly (53ms)
			ExecutionOrderSort (0ms)
			DisableScriptedObjects (0ms)
			BackupInstance (0ms)
			ReleaseScriptingObjects (0ms)
			CreateAndSetChildDomain (1ms)
		EndReloadAssembly (309ms)
			LoadAssemblies (53ms)
			RebuildTransferFunctionScriptingTraits (0ms)
			SetupTypeCache (70ms)
			ReleaseScriptCaches (0ms)
			RebuildScriptCaches (19ms)
			SetupLoadedEditorAssemblies (186ms)
				LogAssemblyErrors (0ms)
				InitializePlatformSupportModulesInManaged (7ms)
				SetLoadedEditorAssemblies (0ms)
				RefreshPlugins (52ms)
				BeforeProcessingInitializeOnLoad (1ms)
				ProcessInitializeOnLoadAttributes (96ms)
				ProcessInitializeOnLoadMethodAttributes (31ms)
				AfterProcessingInitializeOnLoad (0ms)
				EditorAssembliesLoaded (0ms)
			ExecutionOrderSort2 (0ms)
			AwakeInstancesAfterBackupRestoration (0ms)
Platform modules already initialized, skipping
Registering precompiled user dll's ...
Registered in 0.002828 seconds.
Begin MonoManager ReloadAssembly
Symbol file LoadedFromMemory doesn't match image C:\Users\lhans\OneDrive\Documents\Apoc-Scrapper\Apoc Scrapper\Library\PackageCache\com.unity.visualscripting@1.8.0\Editor\VisualScripting.Core\Dependencies\YamlDotNet\Unity.VisualScripting.YamlDotNet.dll
Symbol file LoadedFromMemory doesn't match image C:\Users\lhans\OneDrive\Documents\Apoc-Scrapper\Apoc Scrapper\Library\PackageCache\com.unity.visualscripting@1.8.0\Editor\VisualScripting.Core\Dependencies\DotNetZip\Unity.VisualScripting.IonicZip.dll
Native extension for LinuxStandalone target not found
Native extension for WindowsStandalone target not found
Native extension for OSXStandalone target not found
Refreshing native plugins compatible for Editor in 0.40 ms, found 3 plugins.
Preloading 0 native plugins for Editor in 0.00 ms.
Mono: successfully reloaded assembly
- Completed reload, in  0.706 seconds
Domain Reload Profiling:
	ReloadAssembly (707ms)
		BeginReloadAssembly (84ms)
			ExecutionOrderSort (0ms)
			DisableScriptedObjects (4ms)
			BackupInstance (0ms)
			ReleaseScriptingObjects (0ms)
			CreateAndSetChildDomain (16ms)
		EndReloadAssembly (548ms)
			LoadAssemblies (61ms)
			RebuildTransferFunctionScriptingTraits (0ms)
			SetupTypeCache (185ms)
			ReleaseScriptCaches (0ms)
			RebuildScriptCaches (37ms)
			SetupLoadedEditorAssemblies (242ms)
				LogAssemblyErrors (0ms)
				InitializePlatformSupportModulesInManaged (5ms)
				SetLoadedEditorAssemblies (0ms)
				RefreshPlugins (0ms)
				BeforeProcessingInitializeOnLoad (58ms)
				ProcessInitializeOnLoadAttributes (165ms)
				ProcessInitializeOnLoadMethodAttributes (13ms)
				AfterProcessingInitializeOnLoad (1ms)
				EditorAssembliesLoaded (0ms)
			ExecutionOrderSort2 (0ms)
			AwakeInstancesAfterBackupRestoration (5ms)
Platform modules already initialized, skipping
========================================================================
Worker process is ready to serve import requests
Launched and connected shader compiler UnityShaderCompiler.exe after 0.04 seconds
Refreshing native plugins compatible for Editor in 0.41 ms, found 3 plugins.
Preloading 0 native plugins for Editor in 0.00 ms.
Unloading 3113 Unused Serialized files (Serialized files now loaded: 0)
Unloading 24 unused Assets / (114.1 KB). Loaded Objects now: 3577.
Memory consumption went from 112.6 MB to 112.5 MB.
Total: 2.201100 ms (FindLiveObjects: 0.201500 ms CreateObjectMapping: 0.094100 ms MarkObjects: 1.819200 ms  DeleteObjects: 0.085700 ms)

AssetImportParameters requested are different than current active one (requested -> active):
  custom:video-decoder-ogg-theora: a1e56fd34408186e4bbccfd4996cb3dc -> 
  custom:container-muxer-webm: aa71ff27fc2769a1b78a27578f13a17b -> 
  custom:container-demuxer-webm: 4f35f7cbe854078d1ac9338744f61a02 -> 
  custom:video-encoder-webm-vp8: eb34c28f22e8b96e1ab97ce403110664 -> 
  custom:audio-encoder-webm-vorbis: bf7c407c2cedff20999df2af8eb42d56 -> 
  custom:framework-win-MediaFoundation: 216162199b28c13a410421893ffa2e32 -> 
  custom:container-demuxer-ogg: 62fdf1f143b41e24485cea50d1cbac27 -> 
  custom:video-decoder-webm-vp8: 9c59270c3fd7afecdb556c50c9e8de78 -> 
  custom:audio-decoder-ogg-vorbis: bf7c407c2cedff20999df2af8eb42d56 -> 
========================================================================
Received Import Request.
  Time since last request: 852178.857631 seconds.
  path: Assets/Pre-Fabs/Player
  artifactKey: Guid(c26e317b773809d44a9be2e4cc0574a4) Importer(815301076,1909f56bfc062723c751e8b465ee728b)
Start importing Assets/Pre-Fabs/Player using Guid(c26e317b773809d44a9be2e4cc0574a4) Importer(815301076,1909f56bfc062723c751e8b465ee728b)  -> (artifact id: 'b6c55e9e02ad1ceac8d95be7a6431215') in 0.011107 seconds 
========================================================================
Received Import Request.
  Time since last request: 0.035377 seconds.
  path: Assets/Pre-Fabs/Player/Player.prefab
  artifactKey: Guid(0b5a064a4223931459f1c6e8a6dcf7e3) Importer(815301076,1909f56bfc062723c751e8b465ee728b)
Start importing Assets/Pre-Fabs/Player/Player.prefab using Guid(0b5a064a4223931459f1c6e8a6dcf7e3) Importer(815301076,1909f56bfc062723c751e8b465ee728b)  -> (artifact id: '9e19475e82e8061fb0bbb4f4f74dedb3') in 0.080381 seconds 
========================================================================
Received Import Request.
  Time since last request: 2.915624 seconds.
  path: Assets/Pre-Fabs/Pickups/Main Gun.asset
  artifactKey: Guid(e92382a5f8e39514cb071ff8c2aa7bcf) Importer(815301076,1909f56bfc062723c751e8b465ee728b)
Start importing Assets/Pre-Fabs/Pickups/Main Gun.asset using Guid(e92382a5f8e39514cb071ff8c2aa7bcf) Importer(815301076,1909f56bfc062723c751e8b465ee728b)  -> (artifact id: 'a790f7aed7d580d8543a1926cb3a3ab9') in 0.007716 seconds 
========================================================================
Received Import Request.
  Time since last request: 0.000016 seconds.
  path: Assets/Pre-Fabs/Pickups/SREMDStats.asset
  artifactKey: Guid(0a86bda882d76b84aaf6ed60a067c5cb) Importer(815301076,1909f56bfc062723c751e8b465ee728b)
Start importing Assets/Pre-Fabs/Pickups/SREMDStats.asset using Guid(0a86bda882d76b84aaf6ed60a067c5cb) Importer(815301076,1909f56bfc062723c751e8b465ee728b)  -> (artifact id: '4c6f200075221f2523b622fce2a2d745') in 0.007360 seconds 
========================================================================
Received Import Request.
  Time since last request: 1.846863 seconds.
  path: Assets/Pre-Fabs/Enemies/Bullet
  artifactKey: Guid(5af26b072c0e6d743950d2b8aa922593) Importer(815301076,1909f56bfc062723c751e8b465ee728b)
Start importing Assets/Pre-Fabs/Enemies/Bullet using Guid(5af26b072c0e6d743950d2b8aa922593) Importer(815301076,1909f56bfc062723c751e8b465ee728b)  -> (artifact id: 'da6a7d3112e9f4463f7e2589a550c7cc') in 0.006225 seconds 
========================================================================
Received Import Request.
  Time since last request: 0.057983 seconds.
  path: Assets/Pre-Fabs/Enemies/Bullet/Rat Bullet.prefab
  artifactKey: Guid(820441055ed041844809c8978654ff55) Importer(815301076,1909f56bfc062723c751e8b465ee728b)
Start importing Assets/Pre-Fabs/Enemies/Bullet/Rat Bullet.prefab using Guid(820441055ed041844809c8978654ff55) Importer(815301076,1909f56bfc062723c751e8b465ee728b)  -> (artifact id: '2e517c325bac9d803098262209f06e67') in 0.012171 seconds 
========================================================================
Received Import Request.
  Time since last request: 3.691120 seconds.
  path: Assets/Pre-Fabs/Enemies
  artifactKey: Guid(eef042df27f30f64e88bcb87f3ba072f) Importer(815301076,1909f56bfc062723c751e8b465ee728b)
Start importing Assets/Pre-Fabs/Enemies using Guid(eef042df27f30f64e88bcb87f3ba072f) Importer(815301076,1909f56bfc062723c751e8b465ee728b)  -> (artifact id: '38f52b04cd3b19ec7d6e91860e0b3224') in 0.006334 seconds 
========================================================================
Received Import Request.
  Time since last request: 1.433726 seconds.
  path: Assets/Pre-Fabs/Enemies/Drone
  artifactKey: Guid(903f60683947c524b917dad4749d5d67) Importer(815301076,1909f56bfc062723c751e8b465ee728b)
Start importing Assets/Pre-Fabs/Enemies/Drone using Guid(903f60683947c524b917dad4749d5d67) Importer(815301076,1909f56bfc062723c751e8b465ee728b)  -> (artifact id: 'f96e022ec71999329bfcf6ab27c4c59f') in 0.007769 seconds 
========================================================================
Received Import Request.
  Time since last request: 0.083874 seconds.
  path: Assets/Pre-Fabs/Enemies/Drone/dron color.fbx
  artifactKey: Guid(9b535394cc0f832409e5aedcfa4aa04f) Importer(815301076,1909f56bfc062723c751e8b465ee728b)
Start importing Assets/Pre-Fabs/Enemies/Drone/dron color.fbx using Guid(9b535394cc0f832409e5aedcfa4aa04f) Importer(815301076,1909f56bfc062723c751e8b465ee728b)  -> (artifact id: 'eea28789062d4c4f7fac1dfef6508258') in 0.282231 seconds 
========================================================================
Received Import Request.
  Time since last request: 1.810029 seconds.
  path: Assets/Pre-Fabs/Enemies/Rat
  artifactKey: Guid(cabc5debe55fde8468afa4e7b2dcecbb) Importer(815301076,1909f56bfc062723c751e8b465ee728b)
Start importing Assets/Pre-Fabs/Enemies/Rat using Guid(cabc5debe55fde8468afa4e7b2dcecbb) Importer(815301076,1909f56bfc062723c751e8b465ee728b)  -> (artifact id: '29a14e14d3f5ec27fe9c0deb87996c19') in 0.005966 seconds 
========================================================================
Received Import Request.
  Time since last request: 0.054347 seconds.
  path: Assets/Pre-Fabs/Enemies/Rat/Updated Rat.obj
  artifactKey: Guid(db6cdcdae8040724e83298a83a9f5c85) Importer(815301076,1909f56bfc062723c751e8b465ee728b)
Start importing Assets/Pre-Fabs/Enemies/Rat/Updated Rat.obj using Guid(db6cdcdae8040724e83298a83a9f5c85) Importer(815301076,1909f56bfc062723c751e8b465ee728b)  -> (artifact id: '3040f4b0723ec67e7a15769d1937d154') in 0.023162 seconds 
========================================================================
Received Import Request.
  Time since last request: 1.613293 seconds.
  path: Assets/Pre-Fabs/Enemies/Turret
  artifactKey: Guid(948683abd0bbce14fb8873c5b2868bd7) Importer(815301076,1909f56bfc062723c751e8b465ee728b)
Start importing Assets/Pre-Fabs/Enemies/Turret using Guid(948683abd0bbce14fb8873c5b2868bd7) Importer(815301076,1909f56bfc062723c751e8b465ee728b)  -> (artifact id: '2f8ae0cd8807c859731d6cfa942f490d') in 0.006045 seconds 
========================================================================
Received Import Request.
  Time since last request: 0.045673 seconds.
  path: Assets/Pre-Fabs/Enemies/Turret/turret_1_3.prefab
  artifactKey: Guid(a37deb481896a244c9318e4d177de6af) Importer(815301076,1909f56bfc062723c751e8b465ee728b)
Start importing Assets/Pre-Fabs/Enemies/Turret/turret_1_3.prefab using Guid(a37deb481896a244c9318e4d177de6af) Importer(815301076,1909f56bfc062723c751e8b465ee728b)  -> (artifact id: '8adc5da385893f2fea61932aa542cc2d') in 0.007965 seconds 
========================================================================
Received Import Request.
  Time since last request: 34.386226 seconds.
  path: Assets/Pre-Fabs/Gun/SciFiGunLightBlue.prefab
  artifactKey: Guid(3c81b162a1af44348b8994f7040514d4) Importer(815301076,1909f56bfc062723c751e8b465ee728b)
Start importing Assets/Pre-Fabs/Gun/SciFiGunLightBlue.prefab using Guid(3c81b162a1af44348b8994f7040514d4) Importer(815301076,1909f56bfc062723c751e8b465ee728b)  -> (artifact id: '9574ba48e6ceb0a1a5f3e9efd59989ef') in 0.007816 seconds 
========================================================================
Received Import Request.
  Time since last request: 201.899618 seconds.
  path: Assets/Pre-Fabs/Player/Materials
  artifactKey: Guid(518b8cb5a005c4245b9b9f0ac90040b9) Importer(815301076,1909f56bfc062723c751e8b465ee728b)
Start importing Assets/Pre-Fabs/Player/Materials using Guid(518b8cb5a005c4245b9b9f0ac90040b9) Importer(815301076,1909f56bfc062723c751e8b465ee728b)  -> (artifact id: 'c6414ed11fff5d4d38e1b8ee1fb81f55') in 0.006936 seconds 
========================================================================
Received Import Request.
  Time since last request: 49.302359 seconds.
  path: Assets/Pre-Fabs/Player Spawn/PlayerSpawn.prefab
  artifactKey: Guid(a0d135b74f70b6f4ea0c46082035ba7c) Importer(815301076,1909f56bfc062723c751e8b465ee728b)
Start importing Assets/Pre-Fabs/Player Spawn/PlayerSpawn.prefab using Guid(a0d135b74f70b6f4ea0c46082035ba7c) Importer(815301076,1909f56bfc062723c751e8b465ee728b)  -> (artifact id: '515d98cea1020c19daaba5f226d1761e') in 0.018019 seconds 
========================================================================
Received Import Request.
  Time since last request: 8.019205 seconds.
  path: Assets/Pre-Fabs/CheckPoints/CheckPoint.prefab
  artifactKey: Guid(c66e4d6fca94c37479ad9cc917ac9bcd) Importer(815301076,1909f56bfc062723c751e8b465ee728b)
Start importing Assets/Pre-Fabs/CheckPoints/CheckPoint.prefab using Guid(c66e4d6fca94c37479ad9cc917ac9bcd) Importer(815301076,1909f56bfc062723c751e8b465ee728b)  -> (artifact id: 'cdc13cf87b1f30c892212a6b2e9c0bcc') in 0.014434 seconds 
========================================================================
Received Import Request.
  Time since last request: 7.106239 seconds.
  path: Assets/Pre-Fabs/UI/UI.prefab
  artifactKey: Guid(3eb41810ba9f4394a97765cf4c2f806e) Importer(815301076,1909f56bfc062723c751e8b465ee728b)
Start importing Assets/Pre-Fabs/UI/UI.prefab using Guid(3eb41810ba9f4394a97765cf4c2f806e) Importer(815301076,1909f56bfc062723c751e8b465ee728b)  -> (artifact id: '2e1440adb47908efaa81654bf565a1a9') in 0.045859 seconds 
========================================================================
Received Import Request.
  Time since last request: 17.332596 seconds.
  path: Assets/Pre-Fabs/Architecture/Floor.prefab
  artifactKey: Guid(dbbec04af9b7e094ba9f9273ca40a389) Importer(815301076,1909f56bfc062723c751e8b465ee728b)
Start importing Assets/Pre-Fabs/Architecture/Floor.prefab using Guid(dbbec04af9b7e094ba9f9273ca40a389) Importer(815301076,1909f56bfc062723c751e8b465ee728b)  -> (artifact id: '1e199f959100864404ec9467861dd6a9') in 0.010111 seconds 
========================================================================
Received Import Request.
  Time since last request: 105.489279 seconds.
  path: Assets/Pre-Fabs/Player/Materials/Material #27.mat
  artifactKey: Guid(a05dbdd7f998f7c44b1734dc9b14e0a3) Importer(815301076,1909f56bfc062723c751e8b465ee728b)
Start importing Assets/Pre-Fabs/Player/Materials/Material #27.mat using Guid(a05dbdd7f998f7c44b1734dc9b14e0a3) Importer(815301076,1909f56bfc062723c751e8b465ee728b)  -> (artifact id: 'a0f225d9ed8c2b3cd516c804ecdea794') in 0.020086 seconds 
